Tue Jun 14 16:34:09 2022       
+-----------------------------------------------------------------------------+
| NVIDIA-SMI 510.47.03    Driver Version: 510.47.03    CUDA Version: 11.6     |
|-------------------------------+----------------------+----------------------+
| GPU  Name        Persistence-M| Bus-Id        Disp.A | Volatile Uncorr. ECC |
| Fan  Temp  Perf  Pwr:Usage/Cap|         Memory-Usage | GPU-Util  Compute M. |
|                               |                      |               MIG M. |
|===============================+======================+======================|
|   0  Tesla T4            On   | 00000000:04:00.0 Off |                    0 |
| N/A   37C    P0    25W /  70W |      0MiB / 15360MiB |      0%      Default |
|                               |                      |                  N/A |
+-------------------------------+----------------------+----------------------+
|   1  Tesla T4            On   | 00000000:05:00.0 Off |                    0 |
| N/A   40C    P0    25W /  70W |      0MiB / 15360MiB |      0%      Default |
|                               |                      |                  N/A |
+-------------------------------+----------------------+----------------------+
                                                                               
+-----------------------------------------------------------------------------+
| Processes:                                                                  |
|  GPU   GI   CI        PID   Type   Process name                  GPU Memory |
|        ID   ID                                                   Usage      |
|=============================================================================|
|  No running processes found                                                 |
+-----------------------------------------------------------------------------+
no change     /home/hanlee/anaconda3/condabin/conda
no change     /home/hanlee/anaconda3/bin/conda
no change     /home/hanlee/anaconda3/bin/conda-env
no change     /home/hanlee/anaconda3/bin/activate
no change     /home/hanlee/anaconda3/bin/deactivate
no change     /home/hanlee/anaconda3/etc/profile.d/conda.sh
no change     /home/hanlee/anaconda3/etc/fish/conf.d/conda.fish
no change     /home/hanlee/anaconda3/shell/condabin/Conda.psm1
no change     /home/hanlee/anaconda3/shell/condabin/conda-hook.ps1
no change     /home/hanlee/anaconda3/lib/python3.9/site-packages/xontrib/conda.xsh
no change     /home/hanlee/anaconda3/etc/profile.d/conda.csh
no change     /home/hanlee/.bashrc
No action taken.
slurmstepd: error: *** JOB 139047 ON ivb100 CANCELLED AT 2022-06-15T00:33:58 DUE TO TIME LIMIT ***
